<?xml version="1.0" encoding="UTF-8"?>
<testsuite xmlns:xsi="http://www.w3.org/2001/XMLSchema-instance" xsi:noNamespaceSchemaLocation="https://maven.apache.org/surefire/maven-surefire-plugin/xsd/surefire-test-report-3.0.xsd" version="3.0" name="Manageemployee01IT" time="12.078" tests="4" errors="0" skipped="0" failures="0">
  <properties>
[...]
</properties>
  <testcase name="&quot;Verify User is able to create update and delete employee record&quot;" classname="Validation of Employee management system" time="7.266"/>
  <testcase name="&quot;Verify employee record is successfully created and returned when record is created with optional fields&quot;" classname="Validation of Employee management system" time="1.031"/>
  <testcase name="&quot;Verify employee salary was successfully updated and returned&quot;" classname="Validation of Employee management system" time="1.438"/>
  <testcase name="&quot;Verify employee record is successfully deleted&quot;" classname="Validation of Employee management system" time="1.547"/>
</testsuite>